  Проверка источников на наличие зависимостей модуля…
  D3D12Render.cpp
  Компиляция…
  D3D12Render.cpp
C:\Users\nahmu\source\repos\Dark Engine\Dark Engine\Source\Runtime\Render\Renderer.h(34,1): warning C4005: RENDER_API: изменение макроопределения
  C:\Users\nahmu\source\repos\Dark Engine\Dark Engine\Source\Runtime\Render\Renderer.h(6,1): note: см. предыдущее определение "RENDER_API"
C:\Users\nahmu\source\repos\Dark Engine\Dark Engine\Source\Runtime\Render\D3D12\D3D12Utils.h(41,57): warning C4267: return: преобразование из "size_t" в "UINT"; возможна потеря данных
C:\Users\nahmu\source\repos\Dark Engine\Dark Engine\Source\Runtime\Render\D3D12\D3D12Utils.h(77,80): warning C4305: аргумент: усечение из "double" в "float"
C:\Users\nahmu\source\repos\Dark Engine\Dark Engine\Source\Runtime\Render\D3D12\D3D12Utils.h(115,56): warning C4305: аргумент: усечение из "double" в "float"
C:\Users\nahmu\source\repos\Dark Engine\Dark Engine\Source\Runtime\Engine\Classes\Actor\Actor.h(44,25): warning C4244: +=: преобразование "double" в "float", возможна потеря данных
C:\Users\nahmu\source\repos\Dark Engine\Dark Engine\Source\Runtime\Engine\Classes\Camera\CameraActor.h(39,20): warning C4305: инициализация: усечение из "double" в "float"
C:\Users\nahmu\source\repos\Dark Engine\Dark Engine\Source\Runtime\Render\D3D12\D3D12PSO.h(55,23): warning C4267: аргумент: преобразование из "size_t" в "UINT"; возможна потеря данных
C:\Users\nahmu\source\repos\Dark Engine\Dark Engine\Source\Runtime\Render\D3D12\D3D12PSO.h(53,22): warning C4267: аргумент: преобразование из "size_t" в "UINT"; возможна потеря данных
C:\Users\nahmu\source\repos\Dark Engine\Dark Engine\Source\Runtime\Render\D3D12\D3D12Render.cpp(100,3): warning C4267: аргумент: преобразование из "size_t" в "UINT"; возможна потеря данных
C:\Users\nahmu\source\repos\Dark Engine\Dark Engine\Source\Runtime\Render\D3D12\D3D12Render.cpp(270,78): warning C4244: аргумент: преобразование "UINT" в "float", возможна потеря данных
C:\Users\nahmu\source\repos\Dark Engine\Dark Engine\Source\Runtime\Render\D3D12\D3D12Render.cpp(270,57): warning C4244: аргумент: преобразование "UINT" в "float", возможна потеря данных
  Microsoft (R) Incremental Linker Version 14.38.33030.0
  Copyright (C) Microsoft Corporation.  All rights reserved.
  "/OUT:C:\Users\nahmu\source\repos\Dark Engine\Dark Engine\bin\Dark Engine.exe" /INCREMENTAL "/ILK:.\Intermediate\Dark Engine.ilk" /WX:NO /FORCE kernel32.lib user32.lib gdi32.lib winspool.lib comdlg32.lib advapi32.lib shell32.lib ole32.lib oleaut32.lib uuid.lib odbc32.lib odbccp32.lib d3d12.lib d3dcompiler.lib dxgi.lib kernel32.lib user32.lib gdi32.lib winspool.lib comdlg32.lib advapi32.lib shell32.lib ole32.lib oleaut32.lib uuid.lib odbc32.lib odbccp32.lib /MANIFEST "/MANIFESTUAC:level='asInvoker' uiAccess='false'" /manifest:embed /DEBUG "/PDB:C:\Users\nahmu\source\repos\Dark Engine\Dark Engine\bin\Dark Engine.pdb" /SUBSYSTEM:WINDOWS /LARGEADDRESSAWARE /TLBID:1 /DYNAMICBASE /NXCOMPAT "/IMPLIB:C:\Users\nahmu\source\repos\Dark Engine\Dark Engine\bin\Dark Engine.lib" /MACHINE:X64 .\Intermediate\Resource.res 
  .\Intermediate\WindowsWindow.obj 
  .\Intermediate\Application.obj 
  .\Intermediate\CommandLine.obj 
  .\Intermediate\Logger.obj 
  .\Intermediate\DarkMathUtility.obj 
  .\Intermediate\TMemory.obj 
  .\Intermediate\PerEngineSettings.obj 
  .\Intermediate\GameTimer.obj 
  .\Intermediate\Actor.obj 
  .\Intermediate\CameraActor.obj 
  .\Intermediate\ActorComponent.obj 
  .\Intermediate\RotateComponent.obj 
  .\Intermediate\USceneComponent.obj 
  .\Intermediate\TestActor.obj 
  .\Intermediate\UObject.obj 
  .\Intermediate\DEngine.obj 
  .\Intermediate\InputCore.obj 
  .\Intermediate\LaunchWindows.obj 
  .\Intermediate\D3D12.obj 
  .\Intermediate\D3D12Camera.obj 
  .\Intermediate\D3D12Mesh.obj 
  .\Intermediate\D3D12Model.obj 
  .\Intermediate\D3D12PSO.obj 
  .\Intermediate\D3D12Render.obj 
  .\Intermediate\D3D12Resource.obj 
  .\Intermediate\D3D12Scene.obj 
  .\Intermediate\D3D12Shader.obj 
  .\Intermediate\D3D12Types.obj 
  .\Intermediate\D3D12Utils.obj 
  .\Intermediate\Renderer.obj 
  .\Intermediate\World.obj 
LINK : warning LNK4075: не учитывается "/INCREMENTAL" из-за спецификации "/FORCE"
  Dark Engine.vcxproj -> C:\Users\nahmu\source\repos\Dark Engine\Dark Engine\bin\Dark Engine.exe
